<?xml version="1.0" encoding="UTF-8"?>
<testng-results skipped="0" failed="0" total="1" passed="1">
  <reporter-output>
  </reporter-output>
  <suite name="Default suite" duration-ms="20159" started-at="2015-04-10T06:25:57Z" finished-at="2015-04-10T06:26:17Z">
    <groups>
    </groups>
    <test name="Default test" duration-ms="20159" started-at="2015-04-10T06:25:57Z" finished-at="2015-04-10T06:26:17Z">
      <class name="takeScreenShotExample">
        <test-method status="PASS" signature="openBrowser()[pri:0, instance:takeScreenShotExample@18e8568]" name="openBrowser" duration-ms="20132" started-at="2015-04-10T11:55:57Z" finished-at="2015-04-10T11:56:17Z">
          <reporter-output>
          </reporter-output>
        </test-method> <!-- openBrowser -->
      </class> <!-- takeScreenShotExample -->
    </test> <!-- Default test -->
  </suite> <!-- Default suite -->
</testng-results>
